{
  "0 debug pnpm:scope": {
    "selected": 1,
    "workspacePrefix": "/Users/evan/Documents/Code/poketto"
  },
  "1 error pnpm": {
    "errno": 1,
    "code": "ELIFECYCLE",
    "pkgid": "@poketto/core@0.0.0",
    "stage": "build",
    "script": "tsup --dts",
    "pkgname": "@poketto/core",
    "err": {
      "name": "pnpm",
      "message": "@poketto/core@0.0.0 build: `tsup --dts`\nExit status 1",
      "code": "ELIFECYCLE",
      "stack": "pnpm: @poketto/core@0.0.0 build: `tsup --dts`\nExit status 1\n    at EventEmitter.<anonymous> (/usr/local/Cellar/pnpm/6.20.3/libexec/lib/node_modules/pnpm/dist/pnpm.cjs:103315:20)\n    at EventEmitter.emit (node:events:527:28)\n    at ChildProcess.<anonymous> (/usr/local/Cellar/pnpm/6.20.3/libexec/lib/node_modules/pnpm/dist/pnpm.cjs:91255:18)\n    at ChildProcess.emit (node:events:527:28)\n    at maybeClose (node:internal/child_process:1092:16)\n    at Process.ChildProcess._handle.onexit (node:internal/child_process:302:5)"
    }
  },
  "2 warn pnpm:global": " Local package.json exists, but node_modules missing, did you mean to install?"
}